2017-04-07

----修复前端交互问题，修复模块多选框的bug
----修复历史搜索展示逻辑，搜索结果没有完全包含关键字
----采集项模块重新配置页的功能完善，新增删除模块的按钮
----修复采集项中的ip去掉重新配置(改成重新下发)和删除
----修复搜索结果页柱状图锁定问题
----修复柱状展示图，里面的查询次数变成数据量
----新增批量删除操作


2017-04-14

----修复特殊字符无法搜索的bug
----解决了搜索结果相关性低的问题
----解决前端title样式问题


2017-04-17

----修复排除文件的文案
----进程状态接口的切换
----解决前端title样式问题


2017-04-25

----修复搜索结果没有图表的bug


2017-05-05

----增加跨云服务
----优化配置管理页面

2017-05-09

----修复配置无法下发bug
----修复跨云接口bug

2017-05-10

----新增接口返回错误信息的异常捕获
----任务一直在发布中状态的超时处理

2017-05-12

----修复搜索柱状图结果与日志展示内容不一致的bug

